<?xml version="1.0" encoding="UTF-8"?>
<!-- Generated by org.testng.reporters.JUnitReportReporter -->
<testsuite hostname="LIN24003207" failures="0" tests="1" name="com.testng.FirstTest" time="0.082" errors="0" timestamp="2023-08-24T09:30:11 IST" skipped="0">
  <testcase classname="com.testng.FirstTest" name="test2" time="0.082"/>
</testsuite> <!-- com.testng.FirstTest -->
