<?xml version="1.0" encoding="UTF-8"?>
<!-- Generated by org.testng.reporters.JUnitReportReporter -->
<testsuite hostname="LIN24003207" failures="0" tests="2" name="com.testng.CrossBrowserTest" time="2.907" errors="0" timestamp="2023-08-24T14:33:53 IST" skipped="0">
  <testcase classname="com.testng.CrossBrowserTest" name="imageopt" time="1.819"/>
  <testcase classname="com.testng.CrossBrowserTest" name="imageopt" time="1.088"/>
</testsuite> <!-- com.testng.CrossBrowserTest -->
