<?xml version="1.0" encoding="UTF-8"?>
<!-- Generated by org.testng.reporters.JUnitReportReporter -->
<testsuite hostname="LIN24003207" failures="0" tests="1" name="Repository.RepoTest" time="8.131" errors="0" timestamp="2023-08-25T10:59:46 IST" skipped="0">
  <testcase classname="Repository.RepoTest" name="testobj" time="8.131"/>
</testsuite> <!-- Repository.RepoTest -->
