<?xml version="1.0" encoding="UTF-8"?>
<!-- Generated by org.testng.reporters.JUnitReportReporter -->
<testsuite hostname="LIN24003207" failures="0" tests="1" name="com.pages.VerifyLog" time="6.069" errors="0" timestamp="2023-08-24T15:29:36 IST" skipped="0">
  <testcase classname="com.pages.VerifyLog" name="testLog" time="6.069"/>
</testsuite> <!-- com.pages.VerifyLog -->
