<?xml version="1.0" encoding="UTF-8"?>
<!-- Generated by org.testng.reporters.JUnitReportReporter -->
<testsuite hostname="LIN24003207" failures="0" tests="1" name="pageFactory.LoginPF" time="12.032" errors="0" timestamp="2023-08-24T17:45:37 IST" skipped="0">
  <testcase classname="pageFactory.LoginPF" name="verifyswag" time="12.032"/>
</testsuite> <!-- pageFactory.LoginPF -->
