<?xml version="1.0" encoding="UTF-8"?>
<!-- Generated by org.testng.reporters.JUnitReportReporter -->
<testsuite hostname="LIN24003207" failures="0" tests="4" name="com.testng.NewTest1" time="0.048" errors="0" timestamp="2023-08-24T11:57:34 IST" skipped="0">
  <testcase classname="com.testng.NewTest1" name="samplemethod" time="0.015"/>
  <testcase classname="com.testng.NewTest1" name="samplemethod" time="0.012"/>
  <testcase classname="com.testng.NewTest1" name="samplemethod" time="0.003"/>
  <testcase classname="com.testng.NewTest1" name="samplemethod" time="0.018"/>
</testsuite> <!-- com.testng.NewTest1 -->
