<?xml version="1.0" encoding="UTF-8"?>
<!-- Generated by org.testng.reporters.JUnitReportReporter -->
<testsuite hostname="LIN24003207" failures="0" tests="6" name="com.testng.ThirdTest" time="14.690" errors="0" timestamp="2023-08-23T17:30:49 IST" skipped="0">
  <testcase classname="com.testng.ThirdTest" name="initializeBrowser" time="7.563"/>
  <testcase classname="com.testng.ThirdTest" name="initializeBrowser" time="5.040"/>
  <testcase classname="com.testng.ThirdTest" name="test2" time="0.767"/>
  <testcase classname="com.testng.ThirdTest" name="test2" time="0.696"/>
  <testcase classname="com.testng.ThirdTest" name="teardown" time="0.309"/>
  <testcase classname="com.testng.ThirdTest" name="teardown" time="0.315"/>
</testsuite> <!-- com.testng.ThirdTest -->
